\BOOKMARK [0][-]{Doc-Start}{Acknowledgments}{}% 1
\BOOKMARK [0][-]{chapter*.1}{Abstract}{}% 2
\BOOKMARK [0][-]{chapter*.2}{Zusammenfassung}{}% 3
\BOOKMARK [0][-]{chapter.1}{Introduction}{}% 4
\BOOKMARK [1][-]{section.1.1}{Motivation}{chapter.1}% 5
\BOOKMARK [1][-]{section.1.2}{The German Spectrum Auction in 2015}{chapter.1}% 6
\BOOKMARK [1][-]{section.1.3}{Contribution}{chapter.1}% 7
\BOOKMARK [1][-]{section.1.4}{Thesis Outline}{chapter.1}% 8
\BOOKMARK [0][-]{chapter.2}{Auction Theory}{}% 9
\BOOKMARK [1][-]{section.2.1}{What is an Auction?}{chapter.2}% 10
\BOOKMARK [2][-]{subsection.2.1.1}{Sealed Bid Auction - First Price Auction}{section.2.1}% 11
\BOOKMARK [2][-]{subsection.2.1.2}{Vickrey Auction - Second Price Auction}{section.2.1}% 12
\BOOKMARK [1][-]{section.2.2}{SAA - Simultaneous Ascending Auctions}{chapter.2}% 13
\BOOKMARK [1][-]{section.2.3}{The Exposure Problem}{chapter.2}% 14
\BOOKMARK [1][-]{section.2.4}{What is the Advantage of Round Based Auctions?}{chapter.2}% 15
\BOOKMARK [1][-]{section.2.5}{Auction Formats used in Spectrum Auctions}{chapter.2}% 16
\BOOKMARK [2][-]{subsection.2.5.1}{SMRA - Simultaneous Multi-Round Auction}{section.2.5}% 17
\BOOKMARK [2][-]{subsection.2.5.2}{HPB - Hierarchical Package Bidding}{section.2.5}% 18
\BOOKMARK [2][-]{subsection.2.5.3}{Other Auction Formats}{section.2.5}% 19
\BOOKMARK [0][-]{chapter.3}{Experimental Design}{}% 20
\BOOKMARK [1][-]{section.3.1}{Data from the German Spectrum Auction 2015}{chapter.3}% 21
\BOOKMARK [2][-]{subsection.3.1.1}{Data Aquisition}{section.3.1}% 22
\BOOKMARK [2][-]{subsection.3.1.2}{Data Analysis}{section.3.1}% 23
\BOOKMARK [2][-]{subsection.3.1.3}{Spectrum specific Information}{section.3.1}% 24
\BOOKMARK [1][-]{section.3.2}{Value Model}{chapter.3}% 25
\BOOKMARK [1][-]{section.3.3}{Methodology of Evaluation}{chapter.3}% 26
\BOOKMARK [0][-]{chapter.4}{Simulation}{}% 27
\BOOKMARK [1][-]{section.4.1}{Structure of the Project}{chapter.4}% 28
\BOOKMARK [1][-]{section.4.2}{The Simulation Process}{chapter.4}% 29
\BOOKMARK [2][-]{subsection.4.2.1}{Auction Set-Up}{section.4.2}% 30
\BOOKMARK [2][-]{subsection.4.2.2}{Strategy and Selector Model}{section.4.2}% 31
\BOOKMARK [1][-]{section.4.3}{Results}{chapter.4}% 32
\BOOKMARK [2][-]{subsection.4.3.1}{Efficiency of the Formats}{section.4.3}% 33
\BOOKMARK [2][-]{subsection.4.3.2}{Revenue of the Formats}{section.4.3}% 34
\BOOKMARK [2][-]{subsection.4.3.3}{Summary of the Results}{section.4.3}% 35
\BOOKMARK [0][-]{chapter.5}{Conclusions and Future Work}{}% 36
\BOOKMARK [0][-]{chapter*.37}{List of Figures}{}% 37
\BOOKMARK [0][-]{chapter*.38}{List of Tables}{}% 38
\BOOKMARK [0][-]{chapter*.39}{Bibliography}{}% 39
